Using pre-set license

 COMMAND LINE ARGUMENTS:
/Applications/Unity/Hub/Editor/2020.2.1f1/Unity.app/Contents/MacOS/Unity
-adb2
-batchMode
-noUpm
-name
AssetImportWorker0
-projectPath
/Users/s/Desktop/HiyokoAttack
-logFile
Logs/AssetImportWorker0.log
-srvPort
59406
Successfully changed project path to: /Users/s/Desktop/HiyokoAttack
/Users/s/Desktop/HiyokoAttack
Using Asset Import Pipeline V2.
Refreshing native plugins compatible for Editor in 39.00 ms, found 2 plugins.
Preloading 0 native plugins for Editor in 0.00 ms.
Initialize engine version: 2020.2.1f1 (270dd8c3da1c)
[Subsystems] Discovering subsystems at path /Applications/Unity/Hub/Editor/2020.2.1f1/Unity.app/Contents/Resources/UnitySubsystems
[Subsystems] Discovering subsystems at path /Users/s/Desktop/HiyokoAttack/Assets
GfxDevice: creating device client; threaded=0
2021-01-07 14:14:05.279 Unity[9889:499324] Color LCD preferred device: Intel(R) Iris(TM) Plus Graphics (low power)
2021-01-07 14:14:05.279 Unity[9889:499324] Metal devices available: 1
2021-01-07 14:14:05.279 Unity[9889:499324] 0: Intel(R) Iris(TM) Plus Graphics (low power)
2021-01-07 14:14:05.279 Unity[9889:499324] Using device Intel(R) Iris(TM) Plus Graphics (low power)
Initializing Metal device caps: Intel(R) Iris(TM) Plus Graphics
Initialize mono
Mono path[0] = '/Applications/Unity/Hub/Editor/2020.2.1f1/Unity.app/Contents/Managed'
Mono path[1] = '/Applications/Unity/Hub/Editor/2020.2.1f1/Unity.app/Contents/MonoBleedingEdge/lib/mono/unityjit'
Mono config path = '/Applications/Unity/Hub/Editor/2020.2.1f1/Unity.app/Contents/MonoBleedingEdge/etc'
Using monoOptions --debugger-agent=transport=dt_socket,embedding=1,server=y,suspend=n,address=127.0.0.1:56889
Begin MonoManager ReloadAssembly
Registering precompiled unity dll's ...
Register platform support module: /Applications/Unity/Hub/Editor/2020.2.1f1/Unity.app/Contents/PlaybackEngines/MacStandaloneSupport/UnityEditor.OSXStandalone.Extensions.dll
Registered in 0.000531 seconds.
Native extension for OSXStandalone target not found
Refreshing native plugins compatible for Editor in 44.32 ms, found 2 plugins.
Preloading 0 native plugins for Editor in 0.00 ms.
Invoked RoslynAnalysisRunner static constructor.
RoslynAnalysisRunner will not be running.
RoslynAnalysisRunner has terminated.
Mono: successfully reloaded assembly
- Completed reload, in  2.794 seconds
Platform modules already initialized, skipping
Registering precompiled user dll's ...
Registered in 0.000602 seconds.
Begin MonoManager ReloadAssembly
Native extension for OSXStandalone target not found
Refreshing native plugins compatible for Editor in 37.69 ms, found 2 plugins.
Preloading 0 native plugins for Editor in 0.00 ms.
Invoked RoslynAnalysisRunner static constructor.
RoslynAnalysisRunner will not be running.
RoslynAnalysisRunner has terminated.
Mono: successfully reloaded assembly
- Completed reload, in  1.054 seconds
Platform modules already initialized, skipping
========================================================================
Worker process is ready to serve import requests
Launching external process: /Applications/Unity/Hub/Editor/2020.2.1f1/Unity.app/Contents/Tools/UnityShaderCompiler
Launched and connected shader compiler UnityShaderCompiler after 0.02 seconds
Refreshing native plugins compatible for Editor in 0.35 ms, found 2 plugins.
Preloading 0 native plugins for Editor in 0.00 ms.
Unloading 1839 Unused Serialized files (Serialized files now loaded: 0)
System memory in use before: 149.0 MB.
System memory in use after: 149.0 MB.

Unloading 24 unused Assets to reduce memory usage. Loaded Objects now: 2280.
Total: 2.368499 ms (FindLiveObjects: 0.226295 ms CreateObjectMapping: 0.066311 ms MarkObjects: 1.931267 ms  DeleteObjects: 0.143568 ms)

========================================================================
Received Import Request.
  path: Assets/Title.unity
  artifactKey: Guid(b0a3bad885410422abb87a8bf194fc3e) Importer(815301076,1909f56bfc062723c751e8b465ee728b)
Start importing Assets/Title.unity using Guid(b0a3bad885410422abb87a8bf194fc3e) Importer(815301076,1909f56bfc062723c751e8b465ee728b)  -> (artifact id: 'df2f4c5826fd8fda5269a323f51b218f') in 0.017352 seconds
  Import took 0.021261 seconds .

========================================================================
Received Import Request.
  Time since last request: 94.493425 seconds.
  path: Assets/StartButton.prefab
  artifactKey: Guid(0957f9a2935cd47c797056a6e248c780) Importer(815301076,1909f56bfc062723c751e8b465ee728b)
Start importing Assets/StartButton.prefab using Guid(0957f9a2935cd47c797056a6e248c780) Importer(815301076,1909f56bfc062723c751e8b465ee728b)  -> (artifact id: 'cf6eb8503482025f2255d67b230daeff') in 0.369800 seconds
  Import took 0.374546 seconds .

========================================================================
Received Import Request.
  Time since last request: 9.143039 seconds.
  path: Assets/StartButton.prefab
  artifactKey: Guid(0957f9a2935cd47c797056a6e248c780) Importer(815301076,1909f56bfc062723c751e8b465ee728b)
Start importing Assets/StartButton.prefab using Guid(0957f9a2935cd47c797056a6e248c780) Importer(815301076,1909f56bfc062723c751e8b465ee728b)  -> (artifact id: '7dc9d9c2d2a791e4dd7032046325c7e1') in 0.006672 seconds
  Import took 0.011992 seconds .

========================================================================
Received Import Request.
  Time since last request: 9.787432 seconds.
  path: Assets/StartButton.prefab
  artifactKey: Guid(0957f9a2935cd47c797056a6e248c780) Importer(815301076,1909f56bfc062723c751e8b465ee728b)
Start importing Assets/StartButton.prefab using Guid(0957f9a2935cd47c797056a6e248c780) Importer(815301076,1909f56bfc062723c751e8b465ee728b)  -> (artifact id: '0f6ba532ed7b059c6f54c46ad107bdfa') in 0.006720 seconds
  Import took 0.013760 seconds .

